make all --print-data-base --no-builtin-variables --no-builtin-rules --question
# GNU Make 3.82
# Built for x86_64-redhat-linux-gnu
# Copyright (C) 2010  Free Software Foundation, Inc.
# License GPLv3+: GNU GPL version 3 or later <http://gnu.org/licenses/gpl.html>
# This is free software: you are free to change and redistribute it.
# There is NO WARRANTY, to the extent permitted by law.
 

# Make data base, printed on Mon Mar  7 20:36:42 2022

# Variables

# automatic
<D = $(patsubst %/,%,$(dir $<))
# automatic
?F = $(notdir $?)
# default
.SHELLFLAGS := -c
# environment
VSCODE_AGENT_FOLDER = /root/.vscode-server
 
# environment
VSCODE_LOG_NATIVE = false
# automatic
?D = $(patsubst %/,%,$(dir $?))
# automatic
@D = $(patsubst %/,%,$(dir $@))
# automatic
@F = $(notdir $@)
# default
MAKE_VERSION := 3.82
# makefile
CURDIR := /root/lightdb
# makefile (from `Makefile', line 30)
SHELL = /bin/sh
# makefile (from `Makefile', line 36)
RM = /usr/bin/cmake -E remove -f
# environment
VSCODE_NLS_CONFIG = {"locale":"en","availableLanguages":{}}
# environment
_ = /usr/bin/make
# makefile (from `Makefile', line 48)
CMAKE_BINARY_DIR = /root/lightdb
# makefile (from `Makefile', line 1)
MAKEFILE_LIST :=  Makefile
# environment
XDG_DATA_DIRS = /root/.local/share/flatpak/exports/share:/var/lib/flatpak/exports/share:/usr/local/share:/usr/share
# environment
VSCODE_VERBOSE_LOGGING = true
# environment
LESSOPEN = ||/usr/bin/lesspipe.sh %s
# environment
VSCODE_CWD = /root
# environment
SSH_CONNECTION = 220.115.159.1 53480 10.0.12.3 22
# environment
PATH = /root/.vscode-server/bin/b5205cc8eb4fbaa726835538cd82372cc0222d43/bin/remote-cli:/usr/local/sbin:/usr/local/bin:/usr/sbin:/usr/bin:/root/bin:/root/bin
# environment
XDG_RUNTIME_DIR = /run/user/0
# environment
VSCODE_LOG_STACK = false
# default
.FEATURES := target-specific order-only second-expansion else-if shortest-stem undefine oneshell archives jobserver check-symlink
# automatic
%F = $(notdir $%)
# environment
VSCODE_PIPE_LOGGING = true
# environment
PWD = /root/lightdb
# environment
VSCODE_IPC_HOOK_CLI = /run/user/0/vscode-ipc-11586d99-9b7c-49d9-843f-ec2e1b25464e.sock
# automatic
*D = $(patsubst %/,%,$(dir $*))
# environment
HISTTIMEFORMAT = %F %T 
# environment
VSCODE_AMD_ENTRYPOINT = vs/workbench/api/node/extensionHostProcess
# environment
HOME = /root
# environment
LOGNAME = root
# environment
APPLICATION_INSIGHTS_NO_DIAGNOSTIC_CHANNEL = true
# makefile (from `Makefile', line 39)
EQUALS = =
# automatic
+F = $(notdir $+)
# environment
VSCODE_HANDLES_UNCAUGHT_ERRORS = true
# automatic
^D = $(patsubst %/,%,$(dir $^))
# environment
HOSTNAME = VM-12-3-centos
# environment
MAKELEVEL := 0
# default
MAKE = $(MAKE_COMMAND)
# default
MAKECMDGOALS := all
# environment
SHLVL = 4
# environment
XDG_SESSION_ID = 170478
# environment
USER = root
# makefile
.DEFAULT_GOAL := default_target
# makefile (from `Makefile', line 45)
CMAKE_SOURCE_DIR = /root/lightdb
# automatic
%D = $(patsubst %/,%,$(dir $%))
# default
MAKE_COMMAND := make
# default
.VARIABLES := 
# automatic
*F = $(notdir $*)
# makefile
MAKEFLAGS = sRrqp
# environment
MFLAGS = -sRrqp
# environment
SSH_CLIENT = 220.115.159.1 53480 22
# environment
MAIL = /var/spool/mail/root
# automatic
+D = $(patsubst %/,%,$(dir $+))
# environment
BROWSER = /root/.vscode-server/bin/b5205cc8eb4fbaa726835538cd82372cc0222d43/bin/helpers/browser.sh
# default
MAKEFILES := 
# environment
PROMPT_COMMAND = history -a; history -a; history -a; history -a; 
# automatic
<F = $(notdir $<)
# environment
TST_HACK_BASH_SESSION_ID = 90367758564428
# environment
LC_ALL = C
# makefile (from `Makefile', line 42)
CMAKE_EDIT_COMMAND = /usr/bin/ccmake
# makefile (from `Makefile', line 33)
CMAKE_COMMAND = /usr/bin/cmake
# automatic
^F = $(notdir $^)
# makefile (from `Makefile', line 15)
SUFFIXES = 
# environment
HISTSIZE = 3000
# default
.INCLUDE_DIRS = /usr/include /usr/local/include /usr/include
# default
.RECIPEPREFIX := 
# environment
LANG = C
# environment
VSCODE_EXTHOST_WILL_SEND_SOCKET = true
# variable set hash-table stats:
 
# Load=72/1024=7%, Rehash=0, Collisions=8/103=8%

# Pattern-specific Variable Values

# No pattern-specific variable values.

# Directories

# . (device 64769, inode 797405): 29 files, no impossibilities.

# 29 files, no impossibilities in 1 directories.

# Implicit Rules

%.hpux_make_needs_suffix_list:

# 1 implicit rules, 0 (0.0%) terminal.

# Files

cmake_force:
#  Phony target (prerequisite of .PHONY).
#  Implicit rule search has not been done.
#  File does not exist.
#  File has not been updated.

test_lightdb.i: test_lightdb.cpp.i
#  Phony target (prerequisite of .PHONY).
#  Implicit rule search has not been done.
#  File does not exist.
#  File has not been updated.

test_lightdb.o: test_lightdb.cpp.o
#  Phony target (prerequisite of .PHONY).
#  Implicit rule search has not been done.
#  File does not exist.
#  File has not been updated.

db_list.cpp.s:
#  Phony target (prerequisite of .PHONY).
#  Implicit rule search has not been done.
#  File does not exist.
#  File has not been updated.
#  recipe to execute (from `Makefile', line 162):
	$(MAKE) -f CMakeFiles/MyProject.dir/build.make CMakeFiles/MyProject.dir/db_list.cpp.s

db_str.cpp.i:
#  Phony target (prerequisite of .PHONY).
#  Implicit rule search has not been done.
#  File does not exist.
#  File has not been updated.
#  recipe to execute (from `Makefile', line 202):
	$(MAKE) -f CMakeFiles/MyProject.dir/build.make CMakeFiles/MyProject.dir/db_str.cpp.i

db_str.cpp.o:
#  Phony target (prerequisite of .PHONY).
#  Implicit rule search has not been done.
#  File does not exist.
#  File has not been updated.
#  recipe to execute (from `Makefile', line 194):
	$(MAKE) -f CMakeFiles/MyProject.dir/build.make CMakeFiles/MyProject.dir/db_str.cpp.o

edit_cache:
#  Phony target (prerequisite of .PHONY).
#  Implicit rule search has not been done.
#  File does not exist.
#  File has not been updated.
#  recipe to execute (from `Makefile', line 55):
	@$(CMAKE_COMMAND) -E cmake_echo_color --switch=$(COLOR) --cyan "Running CMake cache editor..."
	/usr/bin/ccmake -H$(CMAKE_SOURCE_DIR) -B$(CMAKE_BINARY_DIR)

all: cmake_check_build_system
#  Phony target (prerequisite of .PHONY).
#  Command line target.
#  Implicit rule search has not been done.
#  File does not exist.
#  File has been updated.
#  Needs to be updated (-q is set).
# variable set hash-table stats:
# Load=0/32=0%, Rehash=0, Collisions=0/6=0%
#  recipe to execute (from `Makefile', line 75):
	$(CMAKE_COMMAND) -E cmake_progress_start /root/lightdb/CMakeFiles /root/lightdb/CMakeFiles/progress.marks
	$(MAKE) -f CMakeFiles/Makefile2 all
	$(CMAKE_COMMAND) -E cmake_progress_start /root/lightdb/CMakeFiles 0

db_list.i: db_list.cpp.i
#  Phony target (prerequisite of .PHONY).
#  Implicit rule search has not been done.
#  File does not exist.
#  File has not been updated.

idx.s: idx.cpp.s
#  Phony target (prerequisite of .PHONY).
#  Implicit rule search has not been done.
#  File does not exist.
#  File has not been updated.

db_list.o: db_list.cpp.o
#  Phony target (prerequisite of .PHONY).
#  Implicit rule search has not been done.
#  File does not exist.
#  File has not been updated.

.PHONY: default_target cmake_force edit_cache edit_cache/fast rebuild_cache rebuild_cache/fast all clean clean/fast preinstall preinstall/fast depend MyProject MyProject/fast db_hash.o db_hash.cpp.o db_hash.i db_hash.cpp.i db_hash.s db_hash.cpp.s db_list.o db_list.cpp.o db_list.i db_list.cpp.i db_list.s db_list.cpp.s db_set.o db_set.cpp.o db_set.i db_set.cpp.i db_set.s db_set.cpp.s db_str.o db_str.cpp.o db_str.i db_str.cpp.i db_str.s db_str.cpp.s db_zset.o db_zset.cpp.o db_zset.i db_zset.cpp.i db_zset.s db_zset.cpp.s idx.o idx.cpp.o idx.i idx.cpp.i idx.s idx.cpp.s lightdb.o lightdb.cpp.o lightdb.i lightdb.cpp.i lightdb.s lightdb.cpp.s storage/db_file.o storage/db_file.cpp.o storage/db_file.i storage/db_file.cpp.i storage/db_file.s storage/db_file.cpp.s test_lightdb.o test_lightdb.cpp.o test_lightdb.i test_lightdb.cpp.i test_lightdb.s test_lightdb.cpp.s help cmake_check_build_system
#  Implicit rule search has not been done.
#  Modification time never checked.
#  File has not been updated.

lightdb.s: lightdb.cpp.s
#  Phony target (prerequisite of .PHONY).
#  Implicit rule search has not been done.
#  File does not exist.
#  File has not been updated.

db_zset.cpp.i:
#  Phony target (prerequisite of .PHONY).
#  Implicit rule search has not been done.
#  File does not exist.
 
#  File has not been updated.
#  recipe to execute (from `Makefile', line 226):
	$(MAKE) -f CMakeFiles/MyProject.dir/build.make CMakeFiles/MyProject.dir/db_zset.cpp.i

preinstall/fast:
#  Phony target (prerequisite of .PHONY).
#  Implicit rule search has not been done.
#  File does not exist.
#  File has not been updated.
#  recipe to execute (from `Makefile', line 96):
	$(MAKE) -f CMakeFiles/Makefile2 preinstall

db_zset.cpp.o:
#  Phony target (prerequisite of .PHONY).
#  Implicit rule search has not been done.
#  File does not exist.
#  File has not been updated.
#  recipe to execute (from `Makefile', line 218):
	$(MAKE) -f CMakeFiles/MyProject.dir/build.make CMakeFiles/MyProject.dir/db_zset.cpp.o

lightdb.cpp.o:
#  Phony target (prerequisite of .PHONY).
#  Implicit rule search has not been done.
#  File does not exist.
#  File has not been updated.
#  recipe to execute (from `Makefile', line 266):
	$(MAKE) -f CMakeFiles/MyProject.dir/build.make CMakeFiles/MyProject.dir/lightdb.cpp.o

.SUFFIXES: .hpux_make_needs_suffix_list
#  Implicit rule search has not been done.
#  Modification time never checked.
#  File has not been updated.

storage/db_file.cpp.s:
#  Phony target (prerequisite of .PHONY).
#  Implicit rule search has not been done.
#  File does not exist.
#  File has not been updated.
#  recipe to execute (from `Makefile', line 306):
	$(MAKE) -f CMakeFiles/MyProject.dir/build.make CMakeFiles/MyProject.dir/storage/db_file.cpp.s

# Not a target:
Makefile:
#  Implicit rule search has been done.
#  Last modified 2022-02-26 13:57:05.752785462
#  File has been updated.
#  Successfully updated.

idx.cpp.i:
#  Phony target (prerequisite of .PHONY).
#  Implicit rule search has not been done.
#  File does not exist.
#  File has not been updated.
#  recipe to execute (from `Makefile', line 250):
	$(MAKE) -f CMakeFiles/MyProject.dir/build.make CMakeFiles/MyProject.dir/idx.cpp.i

idx.cpp.o:
#  Phony target (prerequisite of .PHONY).
#  Implicit rule search has not been done.
#  File does not exist.
#  File has not been updated.
#  recipe to execute (from `Makefile', line 242):
	$(MAKE) -f CMakeFiles/MyProject.dir/build.make CMakeFiles/MyProject.dir/idx.cpp.o

db_hash.s: db_hash.cpp.s
#  Phony target (prerequisite of .PHONY).
#  Implicit rule search has not been done.
#  File does not exist.
#  File has not been updated.

storage/db_file.i: storage/db_file.cpp.i
#  Phony target (prerequisite of .PHONY).
#  Implicit rule search has not been done.
#  File does not exist.
#  File has not been updated.

db_set.cpp.s:
#  Phony target (prerequisite of .PHONY).
#  Implicit rule search has not been done.
#  File does not exist.
#  File has not been updated.
#  recipe to execute (from `Makefile', line 186):
	$(MAKE) -f CMakeFiles/MyProject.dir/build.make CMakeFiles/MyProject.dir/db_set.cpp.s

storage/db_file.o: storage/db_file.cpp.o
#  Phony target (prerequisite of .PHONY).
#  Implicit rule search has not been done.
#  File does not exist.
#  File has not been updated.

lightdb.cpp.i:
#  Phony target (prerequisite of .PHONY).
#  Implicit rule search has not been done.
#  File does not exist.
#  File has not been updated.
#  recipe to execute (from `Makefile', line 274):
	$(MAKE) -f CMakeFiles/MyProject.dir/build.make CMakeFiles/MyProject.dir/lightdb.cpp.i

clean/fast: clean
#  Phony target (prerequisite of .PHONY).
#  Implicit rule search has not been done.
#  File does not exist.
#  File has not been updated.

MyProject/fast:
#  Phony target (prerequisite of .PHONY).
#  Implicit rule search has not been done.
#  File does not exist.
#  File has not been updated.
#  recipe to execute (from `Makefile', line 114):
	$(MAKE) -f CMakeFiles/MyProject.dir/build.make CMakeFiles/MyProject.dir/build

test_lightdb.s: test_lightdb.cpp.s
#  Phony target (prerequisite of .PHONY).
#  Implicit rule search has not been done.
#  File does not exist.
#  File has not been updated.

db_set.i: db_set.cpp.i
#  Phony target (prerequisite of .PHONY).
#  Implicit rule search has not been done.
#  File does not exist.
#  File has not been updated.

db_set.o: db_set.cpp.o
#  Phony target (prerequisite of .PHONY).
#  Implicit rule search has not been done.
#  File does not exist.
#  File has not been updated.

db_str.cpp.s:
#  Phony target (prerequisite of .PHONY).
#  Implicit rule search has not been done.
#  File does not exist.
#  File has not been updated.
 
#  recipe to execute (from `Makefile', line 210):
	$(MAKE) -f CMakeFiles/MyProject.dir/build.make CMakeFiles/MyProject.dir/db_str.cpp.s

cmake_check_build_system:
#  Phony target (prerequisite of .PHONY).
#  Implicit rule search has not been done.
#  Implicit/static pattern stem: `'
#  File does not exist.
#  File has been updated.
#  Needs to be updated (-q is set).
# automatic
# @ := cmake_check_build_system
# automatic
# % := 
# automatic
# * := 
# automatic
# + := 
# automatic
# | := 
# automatic
# < := 
# automatic
# ^ := 
# automatic
# ? := 
# variable set hash-table stats:
# Load=8/32=25%, Rehash=0, Collisions=3/14=21%
#  recipe to execute (from `Makefile', line 380):
	$(CMAKE_COMMAND) -H$(CMAKE_SOURCE_DIR) -B$(CMAKE_BINARY_DIR) --check-build-system CMakeFiles/Makefile.cmake 0

help:
#  Phony target (prerequisite of .PHONY).
#  Implicit rule search has not been done.
#  File does not exist.
#  File has not been updated.
#  recipe to execute (from `Makefile', line 335):
	@echo "The following are some of the valid targets for this Makefile:"
	@echo "... all (the default if no target is provided)"
	@echo "... clean"
	@echo "... depend"
	@echo "... MyProject"
	@echo "... edit_cache"
	@echo "... rebuild_cache"
	@echo "... db_hash.o"
	@echo "... db_hash.i"
	@echo "... db_hash.s"
	@echo "... db_list.o"
	@echo "... db_list.i"
	@echo "... db_list.s"
	@echo "... db_set.o"
	@echo "... db_set.i"
	@echo "... db_set.s"
	@echo "... db_str.o"
	@echo "... db_str.i"
	@echo "... db_str.s"
	@echo "... db_zset.o"
	@echo "... db_zset.i"
	@echo "... db_zset.s"
	@echo "... idx.o"
	@echo "... idx.i"
	@echo "... idx.s"
	@echo "... lightdb.o"
	@echo "... lightdb.i"
	@echo "... lightdb.s"
	@echo "... storage/db_file.o"
	@echo "... storage/db_file.i"
	@echo "... storage/db_file.s"
	@echo "... test_lightdb.o"
	@echo "... test_lightdb.i"
	@echo "... test_lightdb.s"

db_list.s: db_list.cpp.s
#  Phony target (prerequisite of .PHONY).
#  Implicit rule search has not been done.
#  File does not exist.
#  File has not been updated.

db_str.i: db_str.cpp.i
#  Phony target (prerequisite of .PHONY).
#  Implicit rule search has not been done.
#  File does not exist.
#  File has not been updated.

preinstall: all
#  Phony target (prerequisite of .PHONY).
#  Implicit rule search has not been done.
#  File does not exist.
#  File has not been updated.
#  recipe to execute (from `Makefile', line 91):
	$(MAKE) -f CMakeFiles/Makefile2 preinstall

db_str.o: db_str.cpp.o
#  Phony target (prerequisite of .PHONY).
#  Implicit rule search has not been done.
#  File does not exist.
#  File has not been updated.

db_hash.cpp.i:
#  Phony target (prerequisite of .PHONY).
#  Implicit rule search has not been done.
#  File does not exist.
#  File has not been updated.
 
#  recipe to execute (from `Makefile', line 130):
	$(MAKE) -f CMakeFiles/MyProject.dir/build.make CMakeFiles/MyProject.dir/db_hash.cpp.i

db_hash.cpp.o:
#  Phony target (prerequisite of .PHONY).
#  Implicit rule search has not been done.
#  File does not exist.
#  File has not been updated.
#  recipe to execute (from `Makefile', line 122):
	$(MAKE) -f CMakeFiles/MyProject.dir/build.make CMakeFiles/MyProject.dir/db_hash.cpp.o

.SILENT:
#  Implicit rule search has not been done.
#  Modification time never checked.
#  File has not been updated.

depend:
#  Phony target (prerequisite of .PHONY).
#  Implicit rule search has not been done.
#  File does not exist.
#  File has not been updated.
#  recipe to execute (from `Makefile', line 101):
	$(CMAKE_COMMAND) -H$(CMAKE_SOURCE_DIR) -B$(CMAKE_BINARY_DIR) --check-build-system CMakeFiles/Makefile.cmake 1

db_zset.cpp.s:
#  Phony target (prerequisite of .PHONY).
#  Implicit rule search has not been done.
#  File does not exist.
#  File has not been updated.
#  recipe to execute (from `Makefile', line 234):
	$(MAKE) -f CMakeFiles/MyProject.dir/build.make CMakeFiles/MyProject.dir/db_zset.cpp.s

test_lightdb.cpp.i:
#  Phony target (prerequisite of .PHONY).
#  Implicit rule search has not been done.
#  File does not exist.
#  File has not been updated.
#  recipe to execute (from `Makefile', line 322):
	$(MAKE) -f CMakeFiles/MyProject.dir/build.make CMakeFiles/MyProject.dir/test_lightdb.cpp.i

test_lightdb.cpp.o:
#  Phony target (prerequisite of .PHONY).
#  Implicit rule search has not been done.
#  File does not exist.
#  File has not been updated.
#  recipe to execute (from `Makefile', line 314):
	$(MAKE) -f CMakeFiles/MyProject.dir/build.make CMakeFiles/MyProject.dir/test_lightdb.cpp.o

# Not a target:
.DEFAULT:
#  Implicit rule search has not been done.
#  Modification time never checked.
#  File has not been updated.

default_target: all
#  Phony target (prerequisite of .PHONY).
#  Implicit rule search has not been done.
#  File does not exist.
#  File has not been updated.

db_zset.i: db_zset.cpp.i
#  Phony target (prerequisite of .PHONY).
#  Implicit rule search has not been done.
#  File does not exist.
#  File has not been updated.

db_zset.o: db_zset.cpp.o
#  Phony target (prerequisite of .PHONY).
#  Implicit rule search has not been done.
#  File does not exist.
 
#  File has not been updated.

db_list.cpp.i:
#  Phony target (prerequisite of .PHONY).
#  Implicit rule search has not been done.
#  File does not exist.
#  File has not been updated.
#  recipe to execute (from `Makefile', line 154):
	$(MAKE) -f CMakeFiles/MyProject.dir/build.make CMakeFiles/MyProject.dir/db_list.cpp.i

idx.cpp.s:
#  Phony target (prerequisite of .PHONY).
#  Implicit rule search has not been done.
#  File does not exist.
#  File has not been updated.
#  recipe to execute (from `Makefile', line 258):
	$(MAKE) -f CMakeFiles/MyProject.dir/build.make CMakeFiles/MyProject.dir/idx.cpp.s

clean:
#  Phony target (prerequisite of .PHONY).
#  Implicit rule search has not been done.
#  File does not exist.
#  File has not been updated.
#  recipe to execute (from `Makefile', line 82):
	$(MAKE) -f CMakeFiles/Makefile2 clean

db_list.cpp.o:
#  Phony target (prerequisite of .PHONY).
#  Implicit rule search has not been done.
#  File does not exist.
#  File has not been updated.
#  recipe to execute (from `Makefile', line 146):
	$(MAKE) -f CMakeFiles/MyProject.dir/build.make CMakeFiles/MyProject.dir/db_list.cpp.o

MyProject: cmake_check_build_system
#  Phony target (prerequisite of .PHONY).
#  Implicit rule search has not been done.
#  File does not exist.
#  File has not been updated.
#  recipe to execute (from `Makefile', line 109):
	$(MAKE) -f CMakeFiles/Makefile2 MyProject

rebuild_cache/fast: rebuild_cache
#  Phony target (prerequisite of .PHONY).
#  Implicit rule search has not been done.
#  File does not exist.
#  File has not been updated.

storage/db_file.s: storage/db_file.cpp.s
#  Phony target (prerequisite of .PHONY).
#  Implicit rule search has not been done.
#  File does not exist.
#  File has not been updated.

edit_cache/fast: edit_cache
#  Phony target (prerequisite of .PHONY).
#  Implicit rule search has not been done.
#  File does not exist.
#  File has not been updated.

lightdb.cpp.s:
#  Phony target (prerequisite of .PHONY).
#  Implicit rule search has not been done.
#  File does not exist.
#  File has not been updated.
#  recipe to execute (from `Makefile', line 282):
	$(MAKE) -f CMakeFiles/MyProject.dir/build.make CMakeFiles/MyProject.dir/lightdb.cpp.s

idx.i: idx.cpp.i
#  Phony target (prerequisite of .PHONY).
#  Implicit rule search has not been done.
#  File does not exist.
#  File has not been updated.

idx.o: idx.cpp.o
#  Phony target (prerequisite of .PHONY).
#  Implicit rule search has not been done.
#  File does not exist.
#  File has not been updated.

db_set.s: db_set.cpp.s
#  Phony target (prerequisite of .PHONY).
#  Implicit rule search has not been done.
#  File does not exist.
 
#  File has not been updated.

lightdb.i: lightdb.cpp.i
#  Phony target (prerequisite of .PHONY).
#  Implicit rule search has not been done.
#  File does not exist.
#  File has not been updated.

lightdb.o: lightdb.cpp.o
#  Phony target (prerequisite of .PHONY).
#  Implicit rule search has not been done.
#  File does not exist.
#  File has not been updated.

db_str.s: db_str.cpp.s
#  Phony target (prerequisite of .PHONY).
#  Implicit rule search has not been done.
#  File does not exist.
#  File has not been updated.

# Not a target:
.hpux_make_needs_suffix_list:
#  Implicit rule search has not been done.
#  Modification time never checked.
#  File has not been updated.

db_hash.cpp.s:
#  Phony target (prerequisite of .PHONY).
#  Implicit rule search has not been done.
#  File does not exist.
#  File has not been updated.
#  recipe to execute (from `Makefile', line 138):
	$(MAKE) -f CMakeFiles/MyProject.dir/build.make CMakeFiles/MyProject.dir/db_hash.cpp.s

storage/db_file.cpp.i:
#  Phony target (prerequisite of .PHONY).
#  Implicit rule search has not been done.
#  File does not exist.
#  File has not been updated.
#  recipe to execute (from `Makefile', line 298):
	$(MAKE) -f CMakeFiles/MyProject.dir/build.make CMakeFiles/MyProject.dir/storage/db_file.cpp.i

storage/db_file.cpp.o:
#  Phony target (prerequisite of .PHONY).
#  Implicit rule search has not been done.
#  File does not exist.
#  File has not been updated.
#  recipe to execute (from `Makefile', line 290):
	$(MAKE) -f CMakeFiles/MyProject.dir/build.make CMakeFiles/MyProject.dir/storage/db_file.cpp.o

test_lightdb.cpp.s:
#  Phony target (prerequisite of .PHONY).
#  Implicit rule search has not been done.
#  File does not exist.
#  File has not been updated.
#  recipe to execute (from `Makefile', line 330):
	$(MAKE) -f CMakeFiles/MyProject.dir/build.make CMakeFiles/MyProject.dir/test_lightdb.cpp.s

db_hash.i: db_hash.cpp.i
#  Phony target (prerequisite of .PHONY).
#  Implicit rule search has not been done.
#  File does not exist.
#  File has not been updated.

db_hash.o: db_hash.cpp.o
#  Phony target (prerequisite of .PHONY).
#  Implicit rule search has not been done.
#  File does not exist.
#  File has not been updated.

db_set.cpp.i:
#  Phony target (prerequisite of .PHONY).
#  Implicit rule search has not been done.
#  File does not exist.
#  File has not been updated.
#  recipe to execute (from `Makefile', line 178):
	$(MAKE) -f CMakeFiles/MyProject.dir/build.make CMakeFiles/MyProject.dir/db_set.cpp.i

db_set.cpp.o:
#  Phony target (prerequisite of .PHONY).
#  Implicit rule search has not been done.
#  File does not exist.
 
#  File has not been updated.
#  recipe to execute (from `Makefile', line 170):
	$(MAKE) -f CMakeFiles/MyProject.dir/build.make CMakeFiles/MyProject.dir/db_set.cpp.o

db_zset.s: db_zset.cpp.s
#  Phony target (prerequisite of .PHONY).
#  Implicit rule search has not been done.
#  File does not exist.
#  File has not been updated.

rebuild_cache:
#  Phony target (prerequisite of .PHONY).
#  Implicit rule search has not been done.
#  File does not exist.
#  File has not been updated.
#  recipe to execute (from `Makefile', line 65):
	@$(CMAKE_COMMAND) -E cmake_echo_color --switch=$(COLOR) --cyan "Running CMake to regenerate build system..."
	/usr/bin/cmake -H$(CMAKE_SOURCE_DIR) -B$(CMAKE_BINARY_DIR)

# files hash-table stats:
# Load=76/1024=7%, Rehash=0, Collisions=7/292=2%
# VPATH Search Paths

# No `vpath' search paths.

# No general (`VPATH' variable) search path.

# # of strings in strcache: 0 / lookups = 431 / hits = 431
# # of strcache buffers: 1 (* 8176 B/buffer = 8176 B)
# strcache used: total = 0 (1276) / max = 0 / min = 8176 / avg = 0
# strcache free: total = 0 (6900) / max = 0 / min = 8176 / avg = 0

# strcache hash-table stats:
# Load=106/8192=1%, Rehash=0, Collisions=2/431=0%
# Finished Make data base on Mon Mar  7 20:36:42 2022

 
